[debug] [2026-07-01T21:36:31.061Z] ----------------------------------------------------------------------
[debug] [2026-07-01T21:36:31.064Z] Command:       /usr/local/google/home/jpaquay/.nvm/versions/node/v25.9.0/bin/node /usr/local/google/home/jpaquay/.local/bin/firebase init
[debug] [2026-07-01T21:36:31.064Z] CLI Version:   15.22.4
[debug] [2026-07-01T21:36:31.064Z] Platform:      linux
[debug] [2026-07-01T21:36:31.065Z] Node Version:  v25.9.0
[debug] [2026-07-01T21:36:31.065Z] Detected Agent: unknown
[debug] [2026-07-01T21:36:31.065Z] Time:          Wed Jul 01 2026 21:36:31 GMT+0000 (Coordinated Universal Time)
[debug] [2026-07-01T21:36:31.065Z] ----------------------------------------------------------------------
[debug] 
[info] 
     ######## #### ########  ######## ########     ###     ######  ########
     ##        ##  ##     ## ##       ##     ##  ##   ##  ##       ##
     ######    ##  ########  ######   ########  #########  ######  ######
     ##        ##  ##    ##  ##       ##     ## ##     ##       ## ##
     ##       #### ##     ## ######## ########  ##     ##  ######  ########

You're about to initialize a Firebase project in this directory:

  /usr/local/google/home/jpaquay/dev/Apps/jpaquay.github.io

Before we get started, keep in mind:

  * You are initializing within an existing Firebase project directory

[info] 
=== Project Setup
[info] 
[info] First, let's associate this project directory with a Firebase project.
[info] You can create multiple project aliases by running firebase use --add, 
[info] 
[debug] [2026-07-01T21:36:37.893Z] > command requires scopes: ["email","openid","https://www.googleapis.com/auth/cloudplatformprojects.readonly","https://www.googleapis.com/auth/firebase","https://www.googleapis.com/auth/cloud-platform"]
[debug] [2026-07-01T21:36:37.893Z] > authorizing via signed-in user (jerome@netdev.be)
[debug] [2026-07-01T21:36:37.895Z] Checked if tokens are valid: true, expires at: 1782944816867
[debug] [2026-07-01T21:36:37.895Z] Checked if tokens are valid: true, expires at: 1782944816867
[debug] [2026-07-01T21:36:37.896Z] >>> [apiv2][query] GET https://firebase.googleapis.com/v1beta1/projects/netdev-firebase [none]
[debug] [2026-07-01T21:36:38.173Z] <<< [apiv2][status] GET https://firebase.googleapis.com/v1beta1/projects/netdev-firebase 200
[debug] [2026-07-01T21:36:38.173Z] <<< [apiv2][body] GET https://firebase.googleapis.com/v1beta1/projects/netdev-firebase {"projectId":"netdev-firebase","projectNumber":"565491848800","displayName":"netdev-firebase","name":"projects/netdev-firebase","resources":{"hostingSite":"netdev-firebase","realtimeDatabaseInstance":"netdev-firebase","locationId":"europe-west"},"state":"ACTIVE","labels":{"firebase":"enabled"},"etag":"1_17637251-8422-4f7d-82a1-1addc1bf3b92"}
[info] i  Using project netdev-firebase (netdev-firebase) . 
[info] 
=== Hosting Setup
[debug] [2026-07-01T21:36:47.247Z] Checked if tokens are valid: true, expires at: 1782944816867
[debug] [2026-07-01T21:36:47.247Z] Checked if tokens are valid: true, expires at: 1782944816867
[debug] [2026-07-01T21:36:47.247Z] >>> [apiv2][query] GET https://firebase.googleapis.com/v1beta1/projects/netdev-firebase [none]
[debug] [2026-07-01T21:36:47.489Z] <<< [apiv2][status] GET https://firebase.googleapis.com/v1beta1/projects/netdev-firebase 200
[debug] [2026-07-01T21:36:47.490Z] <<< [apiv2][body] GET https://firebase.googleapis.com/v1beta1/projects/netdev-firebase {"projectId":"netdev-firebase","projectNumber":"565491848800","displayName":"netdev-firebase","name":"projects/netdev-firebase","resources":{"hostingSite":"netdev-firebase","realtimeDatabaseInstance":"netdev-firebase","locationId":"europe-west"},"state":"ACTIVE","labels":{"firebase":"enabled"},"etag":"1_17637251-8422-4f7d-82a1-1addc1bf3b92"}
[info] 
[info] Your public directory is the folder (relative to your project directory) that
[info] will contain Hosting assets to be uploaded with firebase deploy. If you
[info] have a build process for your assets, use your build's output directory.
[info] 
[info] 
[info] i  Detected a .git folder at /usr/local/google/home/jpaquay/dev/Apps/jpaquay.github.io 
[info] i  Authorizing with GitHub to upload your service account to a GitHub repository's secrets store. 
[info] 
[info] Visit this URL on this device to log in:
[info] https://github.com/login/oauth/authorize?client_id=89cf50f02ac6aaed3484&state=312814728&redirect_uri=http%3A%2F%2Flocalhost%3A9005&scope=read%3Auser%20repo%20public_repo
[info] 
[info] Waiting for authentication...
